Using pre-set license
Built from '2020.3/staging' branch; Version is '2020.3.19f1 (68f137dc9bbe) revision 6877495'; Using compiler version '192528614'; Build Type 'Release'
OS: 'Windows 10 Pro; OS build 19043.1288; Version 2009; 64bit' Language: 'es' Physical Memory: 16342 MB
BatchMode: 1, IsHumanControllingUs: 0, StartBugReporterOnCrash: 0, Is64bit: 1, IsPro: 0

COMMAND LINE ARGUMENTS:
C:\Program Files\Unity\Hub\Editor\2020.3.19f1\Editor\Unity.exe
-adb2
-batchMode
-noUpm
-name
AssetImportWorker0
-projectPath
D:/marta_cirer/unity/entregable3/prueba exteriores
-logFile
Logs/AssetImportWorker0.log
-srvPort
57176
Successfully changed project path to: D:/marta_cirer/unity/entregable3/prueba exteriores
D:/marta_cirer/unity/entregable3/prueba exteriores
Using Asset Import Pipeline V2.
Refreshing native plugins compatible for Editor in 73.33 ms, found 2 plugins.
Preloading 0 native plugins for Editor in 0.00 ms.
Initialize engine version: 2020.3.19f1 (68f137dc9bbe)
[Subsystems] Discovering subsystems at path C:/Program Files/Unity/Hub/Editor/2020.3.19f1/Editor/Data/Resources/UnitySubsystems
[Subsystems] Discovering subsystems at path D:/marta_cirer/unity/entregable3/prueba exteriores/Assets
GfxDevice: creating device client; threaded=0
Direct3D:
    Version:  Direct3D 11.0 [level 11.1]
    Renderer: NVIDIA GeForce GTX 1050 Ti (ID=0x1c82)
    Vendor:   
    VRAM:     4018 MB
    Driver:   27.21.14.5671
Initialize mono
Mono path[0] = 'C:/Program Files/Unity/Hub/Editor/2020.3.19f1/Editor/Data/Managed'
Mono path[1] = 'C:/Program Files/Unity/Hub/Editor/2020.3.19f1/Editor/Data/MonoBleedingEdge/lib/mono/unityjit'
Mono config path = 'C:/Program Files/Unity/Hub/Editor/2020.3.19f1/Editor/Data/MonoBleedingEdge/etc'
Using monoOptions --debugger-agent=transport=dt_socket,embedding=1,server=y,suspend=n,address=127.0.0.1:56056
Begin MonoManager ReloadAssembly
Registering precompiled unity dll's ...
Register platform support module: C:/Program Files/Unity/Hub/Editor/2020.3.19f1/Editor/Data/PlaybackEngines/WindowsStandaloneSupport/UnityEditor.WindowsStandalone.Extensions.dll
Registered in 0.002791 seconds.
Native extension for WindowsStandalone target not found
Refreshing native plugins compatible for Editor in 62.81 ms, found 2 plugins.
Preloading 0 native plugins for Editor in 0.00 ms.
Mono: successfully reloaded assembly
- Completed reload, in  1.429 seconds
Domain Reload Profiling:
	ReloadAssembly (1429ms)
		BeginReloadAssembly (73ms)
			ExecutionOrderSort (0ms)
			DisableScriptedObjects (0ms)
			BackupInstance (0ms)
			ReleaseScriptingObjects (0ms)
			CreateAndSetChildDomain (1ms)
		EndReloadAssembly (547ms)
			LoadAssemblies (70ms)
			RebuildTransferFunctionScriptingTraits (0ms)
			SetupTypeCache (203ms)
			ReleaseScriptCaches (0ms)
			RebuildScriptCaches (35ms)
			SetupLoadedEditorAssemblies (210ms)
				LogAssemblyErrors (0ms)
				InitializePlatformSupportModulesInManaged (4ms)
				SetLoadedEditorAssemblies (0ms)
				RefreshPlugins (63ms)
				BeforeProcessingInitializeOnLoad (9ms)
				ProcessInitializeOnLoadAttributes (99ms)
				ProcessInitializeOnLoadMethodAttributes (34ms)
				AfterProcessingInitializeOnLoad (0ms)
				EditorAssembliesLoaded (0ms)
			ExecutionOrderSort2 (0ms)
			AwakeInstancesAfterBackupRestoration (0ms)
Platform modules already initialized, skipping
Registering precompiled user dll's ...
Registered in 0.003841 seconds.
Begin MonoManager ReloadAssembly
Native extension for WindowsStandalone target not found
Refreshing native plugins compatible for Editor in 61.06 ms, found 2 plugins.
Preloading 0 native plugins for Editor in 0.00 ms.
Mono: successfully reloaded assembly
- Completed reload, in  1.432 seconds
Domain Reload Profiling:
	ReloadAssembly (1433ms)
		BeginReloadAssembly (184ms)
			ExecutionOrderSort (0ms)
			DisableScriptedObjects (6ms)
			BackupInstance (0ms)
			ReleaseScriptingObjects (0ms)
			CreateAndSetChildDomain (22ms)
		EndReloadAssembly (1171ms)
			LoadAssemblies (117ms)
			RebuildTransferFunctionScriptingTraits (0ms)
			SetupTypeCache (398ms)
			ReleaseScriptCaches (1ms)
			RebuildScriptCaches (74ms)
			SetupLoadedEditorAssemblies (426ms)
				LogAssemblyErrors (0ms)
				InitializePlatformSupportModulesInManaged (5ms)
				SetLoadedEditorAssemblies (0ms)
				RefreshPlugins (61ms)
				BeforeProcessingInitializeOnLoad (89ms)
				ProcessInitializeOnLoadAttributes (246ms)
				ProcessInitializeOnLoadMethodAttributes (10ms)
				AfterProcessingInitializeOnLoad (14ms)
				EditorAssembliesLoaded (0ms)
			ExecutionOrderSort2 (0ms)
			AwakeInstancesAfterBackupRestoration (8ms)
Platform modules already initialized, skipping
========================================================================
Worker process is ready to serve import requests
Launched and connected shader compiler UnityShaderCompiler.exe after 0.05 seconds
Refreshing native plugins compatible for Editor in 0.52 ms, found 2 plugins.
Preloading 0 native plugins for Editor in 0.00 ms.
Unloading 2704 Unused Serialized files (Serialized files now loaded: 0)
System memory in use before: 122.3 MB.
System memory in use after: 122.5 MB.

Unloading 17 unused Assets to reduce memory usage. Loaded Objects now: 3136.
Total: 4.157100 ms (FindLiveObjects: 0.601400 ms CreateObjectMapping: 0.207400 ms MarkObjects: 3.255000 ms  DeleteObjects: 0.091700 ms)

AssetImportParameters requested are different than current active one (requested -> active):
  custom:framework-win-MediaFoundation: 216162199b28c13a410421893ffa2e32 -> 
  custom:video-decoder-ogg-theora: a1e56fd34408186e4bbccfd4996cb3dc -> 
  custom:container-muxer-webm: aa71ff27fc2769a1b78a27578f13a17b -> 
  custom:container-demuxer-webm: 4f35f7cbe854078d1ac9338744f61a02 -> 
  custom:container-demuxer-ogg: 62fdf1f143b41e24485cea50d1cbac27 -> 
  custom:video-encoder-webm-vp8: eb34c28f22e8b96e1ab97ce403110664 -> 
  custom:video-decoder-webm-vp8: 9c59270c3fd7afecdb556c50c9e8de78 -> 
  custom:audio-decoder-ogg-vorbis: bf7c407c2cedff20999df2af8eb42d56 -> 
  custom:audio-encoder-webm-vorbis: bf7c407c2cedff20999df2af8eb42d56 -> 
========================================================================
Received Import Request.
  path: Assets/Readme.asset
  artifactKey: Guid(83c2ed844a8c74b779a4c823d16594b1) Importer(815301076,1909f56bfc062723c751e8b465ee728b)
Start importing Assets/Readme.asset using Guid(83c2ed844a8c74b779a4c823d16594b1) Importer(815301076,1909f56bfc062723c751e8b465ee728b)  -> (artifact id: '8ffd2c44ffeb50c574abb5d0c4453328') in 0.051601 seconds 
  Import took 0.058296 seconds .

========================================================================
Received Import Request.
  Time since last request: 104.648084 seconds.
  path: Assets/Settings/UniversalRP-HighQuality.asset
  artifactKey: Guid(19ba41d7c0026c3459d37c2fe90c55a0) Importer(815301076,1909f56bfc062723c751e8b465ee728b)
Start importing Assets/Settings/UniversalRP-HighQuality.asset using Guid(19ba41d7c0026c3459d37c2fe90c55a0) Importer(815301076,1909f56bfc062723c751e8b465ee728b)  -> (artifact id: '02e18c1f933b70f494440bf5e7626866') in 0.658408 seconds 
  Import took 0.662747 seconds .

========================================================================
Received Import Request.
  Time since last request: 6.469914 seconds.
  path: Assets/Settings/UniversalRP-LowQuality.asset
  artifactKey: Guid(a31e9f9f9c9d4b9429ed0d1234e22103) Importer(815301076,1909f56bfc062723c751e8b465ee728b)
Start importing Assets/Settings/UniversalRP-LowQuality.asset using Guid(a31e9f9f9c9d4b9429ed0d1234e22103) Importer(815301076,1909f56bfc062723c751e8b465ee728b)  -> (artifact id: 'b226a0bb157262eadf686f6bb5b5f1f8') in 0.002284 seconds 
  Import took 0.006598 seconds .

========================================================================
Received Import Request.
  Time since last request: 0.000181 seconds.
  path: Assets/Settings/UniversalRP-MediumQuality.asset
  artifactKey: Guid(d847b876476d3d6468f5dfcd34266f96) Importer(815301076,1909f56bfc062723c751e8b465ee728b)
Start importing Assets/Settings/UniversalRP-MediumQuality.asset using Guid(d847b876476d3d6468f5dfcd34266f96) Importer(815301076,1909f56bfc062723c751e8b465ee728b)  -> (artifact id: 'd421f548a6507a11f25ec3578746e9c1') in 0.002296 seconds 
  Import took 0.006417 seconds .

========================================================================
Received Prepare
Registering precompiled user dll's ...
Registered in 0.003862 seconds.
Begin MonoManager ReloadAssembly
Native extension for WindowsStandalone target not found
Refreshing native plugins compatible for Editor in 0.51 ms, found 2 plugins.
Preloading 0 native plugins for Editor in 0.00 ms.
Mono: successfully reloaded assembly
- Completed reload, in  1.119 seconds
Domain Reload Profiling:
	ReloadAssembly (1120ms)
		BeginReloadAssembly (131ms)
			ExecutionOrderSort (0ms)
			DisableScriptedObjects (5ms)
			BackupInstance (0ms)
			ReleaseScriptingObjects (0ms)
			CreateAndSetChildDomain (39ms)
		EndReloadAssembly (920ms)
			LoadAssemblies (106ms)
			RebuildTransferFunctionScriptingTraits (0ms)
			SetupTypeCache (335ms)
			ReleaseScriptCaches (1ms)
			RebuildScriptCaches (45ms)
			SetupLoadedEditorAssemblies (314ms)
				LogAssemblyErrors (0ms)
				InitializePlatformSupportModulesInManaged (4ms)
				SetLoadedEditorAssemblies (0ms)
				RefreshPlugins (1ms)
				BeforeProcessingInitializeOnLoad (66ms)
				ProcessInitializeOnLoadAttributes (229ms)
				ProcessInitializeOnLoadMethodAttributes (5ms)
				AfterProcessingInitializeOnLoad (7ms)
				EditorAssembliesLoaded (0ms)
			ExecutionOrderSort2 (0ms)
			AwakeInstancesAfterBackupRestoration (11ms)
Platform modules already initialized, skipping
Refreshing native plugins compatible for Editor in 0.55 ms, found 2 plugins.
Preloading 0 native plugins for Editor in 0.00 ms.
Unloading 2596 Unused Serialized files (Serialized files now loaded: 0)
System memory in use before: 115.2 MB.
System memory in use after: 115.4 MB.

Unloading 12 unused Assets to reduce memory usage. Loaded Objects now: 3139.
Total: 3.692000 ms (FindLiveObjects: 0.294900 ms CreateObjectMapping: 0.135600 ms MarkObjects: 3.195900 ms  DeleteObjects: 0.063900 ms)

AssetImportParameters requested are different than current active one (requested -> active):
  custom:framework-win-MediaFoundation: 216162199b28c13a410421893ffa2e32 -> 
  custom:video-decoder-ogg-theora: a1e56fd34408186e4bbccfd4996cb3dc -> 
  custom:container-muxer-webm: aa71ff27fc2769a1b78a27578f13a17b -> 
  custom:container-demuxer-webm: 4f35f7cbe854078d1ac9338744f61a02 -> 
  custom:container-demuxer-ogg: 62fdf1f143b41e24485cea50d1cbac27 -> 
  custom:video-encoder-webm-vp8: eb34c28f22e8b96e1ab97ce403110664 -> 
  custom:video-decoder-webm-vp8: 9c59270c3fd7afecdb556c50c9e8de78 -> 
  custom:audio-decoder-ogg-vorbis: bf7c407c2cedff20999df2af8eb42d56 -> 
  custom:audio-encoder-webm-vorbis: bf7c407c2cedff20999df2af8eb42d56 -> 
========================================================================
Received Import Request.
  Time since last request: 731.479071 seconds.
  path: Assets/Scripts/SimpleCameraController.cs
  artifactKey: Guid(be76e5f14cfee674cb30b491fb72b09b) Importer(815301076,1909f56bfc062723c751e8b465ee728b)
Start importing Assets/Scripts/SimpleCameraController.cs using Guid(be76e5f14cfee674cb30b491fb72b09b) Importer(815301076,1909f56bfc062723c751e8b465ee728b)  -> (artifact id: '22f43657664d19fbc476a42e0fad91a9') in 2.514210 seconds 
  Import took 4.578553 seconds .

========================================================================
Received Prepare
Registering precompiled user dll's ...
Registered in 0.004012 seconds.
Begin MonoManager ReloadAssembly
Native extension for WindowsStandalone target not found
Refreshing native plugins compatible for Editor in 0.57 ms, found 2 plugins.
Preloading 0 native plugins for Editor in 0.00 ms.
Mono: successfully reloaded assembly
- Completed reload, in  1.248 seconds
Domain Reload Profiling:
	ReloadAssembly (1249ms)
		BeginReloadAssembly (124ms)
			ExecutionOrderSort (0ms)
			DisableScriptedObjects (5ms)
			BackupInstance (0ms)
			ReleaseScriptingObjects (0ms)
			CreateAndSetChildDomain (38ms)
		EndReloadAssembly (1049ms)
			LoadAssemblies (155ms)
			RebuildTransferFunctionScriptingTraits (0ms)
			SetupTypeCache (372ms)
			ReleaseScriptCaches (1ms)
			RebuildScriptCaches (52ms)
			SetupLoadedEditorAssemblies (331ms)
				LogAssemblyErrors (0ms)
				InitializePlatformSupportModulesInManaged (5ms)
				SetLoadedEditorAssemblies (1ms)
				RefreshPlugins (1ms)
				BeforeProcessingInitializeOnLoad (70ms)
				ProcessInitializeOnLoadAttributes (242ms)
				ProcessInitializeOnLoadMethodAttributes (5ms)
				AfterProcessingInitializeOnLoad (8ms)
				EditorAssembliesLoaded (0ms)
			ExecutionOrderSort2 (0ms)
			AwakeInstancesAfterBackupRestoration (12ms)
Platform modules already initialized, skipping
Refreshing native plugins compatible for Editor in 0.53 ms, found 2 plugins.
Preloading 0 native plugins for Editor in 0.00 ms.
Unloading 2595 Unused Serialized files (Serialized files now loaded: 0)
System memory in use before: 115.2 MB.
System memory in use after: 115.4 MB.

Unloading 12 unused Assets to reduce memory usage. Loaded Objects now: 3141.
Total: 3.614100 ms (FindLiveObjects: 0.279500 ms CreateObjectMapping: 0.159100 ms MarkObjects: 3.146300 ms  DeleteObjects: 0.027600 ms)

AssetImportParameters requested are different than current active one (requested -> active):
  custom:framework-win-MediaFoundation: 216162199b28c13a410421893ffa2e32 -> 
  custom:video-decoder-ogg-theora: a1e56fd34408186e4bbccfd4996cb3dc -> 
  custom:container-muxer-webm: aa71ff27fc2769a1b78a27578f13a17b -> 
  custom:container-demuxer-webm: 4f35f7cbe854078d1ac9338744f61a02 -> 
  custom:container-demuxer-ogg: 62fdf1f143b41e24485cea50d1cbac27 -> 
  custom:video-encoder-webm-vp8: eb34c28f22e8b96e1ab97ce403110664 -> 
  custom:video-decoder-webm-vp8: 9c59270c3fd7afecdb556c50c9e8de78 -> 
  custom:audio-decoder-ogg-vorbis: bf7c407c2cedff20999df2af8eb42d56 -> 
  custom:audio-encoder-webm-vorbis: bf7c407c2cedff20999df2af8eb42d56 -> 
========================================================================
Received Import Request.
  Time since last request: 165.917269 seconds.
  path: Assets
  artifactKey: Guid(00000000000000001000000000000000) Importer(815301076,1909f56bfc062723c751e8b465ee728b)
Start importing Assets using Guid(00000000000000001000000000000000) Importer(815301076,1909f56bfc062723c751e8b465ee728b)  -> (artifact id: '42d402b061de3733987d63b9cc3b64de') in 0.007408 seconds 
  Import took 0.012490 seconds .

========================================================================
Received Import Request.
  Time since last request: 13.435638 seconds.
  path: Assets/prefab
  artifactKey: Guid(ee70eb8c66c72584586c74669117f9e9) Importer(815301076,1909f56bfc062723c751e8b465ee728b)
Start importing Assets/prefab using Guid(ee70eb8c66c72584586c74669117f9e9) Importer(815301076,1909f56bfc062723c751e8b465ee728b)  -> (artifact id: '5ba36bf0cd27b0d431823ee77ac816ce') in 0.003915 seconds 
  Import took 0.008864 seconds .

========================================================================
Received Import Request.
  Time since last request: 24.846871 seconds.
  path: Assets/prefab/New Prefab.prefab
  artifactKey: Guid(d4ab17d5fbb55f74faad09390e356c26) Importer(815301076,1909f56bfc062723c751e8b465ee728b)
Start importing Assets/prefab/New Prefab.prefab using Guid(d4ab17d5fbb55f74faad09390e356c26) Importer(815301076,1909f56bfc062723c751e8b465ee728b)  -> (artifact id: '0ab816bc9a953a722e80f731ed658eee') in 0.041513 seconds 
  Import took 0.046210 seconds .

========================================================================
Received Import Request.
  Time since last request: 2.025612 seconds.
  path: Assets/prefab/New Prefab.prefab
  artifactKey: Guid(d4ab17d5fbb55f74faad09390e356c26) Importer(815301076,1909f56bfc062723c751e8b465ee728b)
Start importing Assets/prefab/New Prefab.prefab using Guid(d4ab17d5fbb55f74faad09390e356c26) Importer(815301076,1909f56bfc062723c751e8b465ee728b)  -> (artifact id: '4aded05175ccda42897be2ab469ff435') in 0.009522 seconds 
  Import took 0.014743 seconds .

========================================================================
Received Import Request.
  Time since last request: 20.529223 seconds.
  path: Assets/Scenes
  artifactKey: Guid(1e43a5ee8f18cf5408f637825002975e) Importer(815301076,1909f56bfc062723c751e8b465ee728b)
Start importing Assets/Scenes using Guid(1e43a5ee8f18cf5408f637825002975e) Importer(815301076,1909f56bfc062723c751e8b465ee728b)  -> (artifact id: '140a78b65e2d5a00faca6115a86c2fff') in 0.002521 seconds 
  Import took 0.010071 seconds .

========================================================================
Received Import Request.
  Time since last request: 9.343070 seconds.
  path: Assets/Scenes/exterior.unity
  artifactKey: Guid(63a2e24dd6ee2854aaa3a545018e9aee) Importer(815301076,1909f56bfc062723c751e8b465ee728b)
Start importing Assets/Scenes/exterior.unity using Guid(63a2e24dd6ee2854aaa3a545018e9aee) Importer(815301076,1909f56bfc062723c751e8b465ee728b)  -> (artifact id: 'b3078d4ebf77e3b9a37b3b4ae0000537') in 0.004895 seconds 
  Import took 0.010060 seconds .

========================================================================
Received Import Request.
  Time since last request: 10.753512 seconds.
  path: Assets/prefab/Main Camera.prefab
  artifactKey: Guid(a50c06bc24a956f4389603ef336fa918) Importer(815301076,1909f56bfc062723c751e8b465ee728b)
Start importing Assets/prefab/Main Camera.prefab using Guid(a50c06bc24a956f4389603ef336fa918) Importer(815301076,1909f56bfc062723c751e8b465ee728b)  -> (artifact id: '6ea7eb5241a6961379d955263c2255ec') in 0.006536 seconds 
  Import took 0.011420 seconds .

========================================================================
Received Import Request.
  Time since last request: 485.634720 seconds.
  path: Assets/Presets/AudioCompressedInMemory.preset
  artifactKey: Guid(2dd802e4d37c65149922028d3e973832) Importer(815301076,1909f56bfc062723c751e8b465ee728b)
Start importing Assets/Presets/AudioCompressedInMemory.preset using Guid(2dd802e4d37c65149922028d3e973832) Importer(815301076,1909f56bfc062723c751e8b465ee728b)  -> (artifact id: 'ac4de02398cfe62c06251b0f50233ebf') in 0.004473 seconds 
  Import took 0.009810 seconds .

========================================================================
Received Import Request.
  Time since last request: 0.000353 seconds.
  path: Assets/Presets/AudioStreaming.preset
  artifactKey: Guid(86bcce7f5575b54408aa0f3a7d321039) Importer(815301076,1909f56bfc062723c751e8b465ee728b)
Start importing Assets/Presets/AudioStreaming.preset using Guid(86bcce7f5575b54408aa0f3a7d321039) Importer(815301076,1909f56bfc062723c751e8b465ee728b)  -> (artifact id: '9982fbd60bc57b892b2c54d34a0163c0') in 0.002365 seconds 
  Import took 0.006332 seconds .

========================================================================
Received Import Request.
  Time since last request: 0.000306 seconds.
  path: Assets/Presets/NormalTexture.preset
  artifactKey: Guid(14a57cf3b9fa1c74b884aa7e0dcf1faa) Importer(815301076,1909f56bfc062723c751e8b465ee728b)
Start importing Assets/Presets/NormalTexture.preset using Guid(14a57cf3b9fa1c74b884aa7e0dcf1faa) Importer(815301076,1909f56bfc062723c751e8b465ee728b)  -> (artifact id: '9c195482fc53bc4f53f643643f636469') in 0.004696 seconds 
  Import took 0.010544 seconds .

========================================================================
Received Import Request.
  Time since last request: 0.000340 seconds.
  path: Assets/Presets/UtilityTexture.preset
  artifactKey: Guid(45f7b2e3c78185248b3adbb14429c2ab) Importer(815301076,1909f56bfc062723c751e8b465ee728b)
Start importing Assets/Presets/UtilityTexture.preset using Guid(45f7b2e3c78185248b3adbb14429c2ab) Importer(815301076,1909f56bfc062723c751e8b465ee728b)  -> (artifact id: 'ab9c1faeeb59b745cafa0ae79c874a42') in 0.004108 seconds 
  Import took 0.009403 seconds .

========================================================================
Received Import Request.
  Time since last request: 1238.871963 seconds.
  path: Assets/New Terrain.asset
  artifactKey: Guid(2e2bcd50ba9ca094bbb0aec159a07988) Importer(815301076,1909f56bfc062723c751e8b465ee728b)
Start importing Assets/New Terrain.asset using Guid(2e2bcd50ba9ca094bbb0aec159a07988) Importer(815301076,1909f56bfc062723c751e8b465ee728b)  -> (artifact id: '8b122ca245649795fd0ec181efb34a5b') in 0.018954 seconds 
  Import took 0.025143 seconds .

========================================================================
Received Import Request.
  Time since last request: 0.000389 seconds.
  path: Assets/TerrainData_034a1bae-8162-4a20-a557-6a8c0aed715c.asset
  artifactKey: Guid(550474d804832ce4d9f6a5088cafe538) Importer(815301076,1909f56bfc062723c751e8b465ee728b)
Start importing Assets/TerrainData_034a1bae-8162-4a20-a557-6a8c0aed715c.asset using Guid(550474d804832ce4d9f6a5088cafe538) Importer(815301076,1909f56bfc062723c751e8b465ee728b)  -> (artifact id: '50043be07bc95a9265408ab9fc30cfb7') in 0.008875 seconds 
  Import took 0.013312 seconds .

========================================================================
Received Import Request.
  Time since last request: 0.000176 seconds.
  path: Assets/TerrainData_914c3b49-3c9a-4a0b-b5c5-9844575d7c8c.asset
  artifactKey: Guid(106bfc691ceb86b42bc3f4d44675fcc8) Importer(815301076,1909f56bfc062723c751e8b465ee728b)
Start importing Assets/TerrainData_914c3b49-3c9a-4a0b-b5c5-9844575d7c8c.asset using Guid(106bfc691ceb86b42bc3f4d44675fcc8) Importer(815301076,1909f56bfc062723c751e8b465ee728b)  -> (artifact id: '0161972c7999352f9d6716aa1538bef6') in 0.009140 seconds 
  Import took 0.014673 seconds .

========================================================================
Received Import Request.
  Time since last request: 0.000276 seconds.
  path: Assets/TerrainData_878d665e-d6ec-41a2-9f49-b6f1b13d62a5.asset
  artifactKey: Guid(b73bb8b3e88b3cf49ade591adf10e6b6) Importer(815301076,1909f56bfc062723c751e8b465ee728b)
Start importing Assets/TerrainData_878d665e-d6ec-41a2-9f49-b6f1b13d62a5.asset using Guid(b73bb8b3e88b3cf49ade591adf10e6b6) Importer(815301076,1909f56bfc062723c751e8b465ee728b)  -> (artifact id: 'b9232386b9d357b7b53f7b7a63653251') in 0.009766 seconds 
  Import took 0.015757 seconds .

========================================================================
Received Import Request.
  Time since last request: 19.464701 seconds.
  path: Assets/texturas
  artifactKey: Guid(807f86245c4520d4f8a9a8600f8f5240) Importer(815301076,1909f56bfc062723c751e8b465ee728b)
Start importing Assets/texturas using Guid(807f86245c4520d4f8a9a8600f8f5240) Importer(815301076,1909f56bfc062723c751e8b465ee728b)  -> (artifact id: '72a8e951e8b929ab54dc5d008a57abd6') in 0.003627 seconds 
  Import took 0.008354 seconds .

========================================================================
Received Import Request.
  Time since last request: 29.436042 seconds.
  path: Assets/texturas/91ab66066b583807c9e2b4d36ac2e2db_small.jpg
  artifactKey: Guid(d187f6bb9dbde5742ad1d1889158afb3) Importer(815301076,1909f56bfc062723c751e8b465ee728b)
Start importing Assets/texturas/91ab66066b583807c9e2b4d36ac2e2db_small.jpg using Guid(d187f6bb9dbde5742ad1d1889158afb3) Importer(815301076,1909f56bfc062723c751e8b465ee728b)  -> (artifact id: '4538c4180fd52c9a2fe76d4666dc5e47') in 0.037027 seconds 
  Import took 0.041882 seconds .

========================================================================
Received Import Request.
  Time since last request: 0.000392 seconds.
  path: Assets/texturas/texture-324586_960_720.jpg
  artifactKey: Guid(59f6a8f4eebe68c41a7d0255178cd749) Importer(815301076,1909f56bfc062723c751e8b465ee728b)
Start importing Assets/texturas/texture-324586_960_720.jpg using Guid(59f6a8f4eebe68c41a7d0255178cd749) Importer(815301076,1909f56bfc062723c751e8b465ee728b)  -> (artifact id: '445748160be34367e8f386b48208e9a7') in 0.012850 seconds 
  Import took 0.017132 seconds .

========================================================================
Received Import Request.
  Time since last request: 0.000283 seconds.
  path: Assets/texturas/2017-03-17-08-01-12.png
  artifactKey: Guid(f12a922bdd264604cb966bd03b3d56dd) Importer(815301076,1909f56bfc062723c751e8b465ee728b)
Start importing Assets/texturas/2017-03-17-08-01-12.png using Guid(f12a922bdd264604cb966bd03b3d56dd) Importer(815301076,1909f56bfc062723c751e8b465ee728b)  -> (artifact id: '9a9de8da7bc921e283db1faed0cef277') in 0.013706 seconds 
  Import took 0.018877 seconds .

========================================================================
Received Import Request.
  Time since last request: 0.000277 seconds.
  path: Assets/texturas/depositphotos_59082255-stock-photo-sand-texture-background.jpg
  artifactKey: Guid(1826fabc18e71b641a902f9fe150648b) Importer(815301076,1909f56bfc062723c751e8b465ee728b)
Start importing Assets/texturas/depositphotos_59082255-stock-photo-sand-texture-background.jpg using Guid(1826fabc18e71b641a902f9fe150648b) Importer(815301076,1909f56bfc062723c751e8b465ee728b)  -> (artifact id: '207d2bae1ab371cdecef783925ad53b8') in 0.010389 seconds 
  Import took 0.015859 seconds .

AssetImportWorkerClient::OnTransportError - code=2 error=End of file
